<?xml version="1.0" encoding="UTF-8"?>
<!-- Generated by org.testng.reporters.JUnitReportReporter -->
<testsuite hostname="SJC1-LDL-74561" failures="0" tests="3" name="com.framework.wellstest.JenkinsTest" time="22.648" errors="0" timestamp="2023-04-29T16:48:04 CDT" skipped="0">
  <testcase classname="com.framework.wellstest.JenkinsTest" name="testSce1" time="10.994"/>
  <system-out/>
  <testcase classname="com.framework.wellstest.JenkinsTest" name="testSce2" time="5.515"/>
  <system-out/>
  <testcase classname="com.framework.wellstest.JenkinsTest" name="testSce3" time="6.139"/>
  <system-out/>
</testsuite> <!-- com.framework.wellstest.JenkinsTest -->
